# JRE version: OpenJDK Runtime Environment Temurin-21.0.10+7 (21.0.10+7) (build 21.0.10+7-LTS)
# Java VM: OpenJDK 64-Bit Server VM Temurin-21.0.10+7 (21.0.10+7-LTS, mixed mode, sharing, tiered, compressed oops, compressed class ptrs, parallel gc, windows-amd64)
GC Precious Log:
 CardTable entry size: 512
 CPUs: 20 total, 20 available
 Memory: 16071M
 Large Page Support: Disabled
 NUMA Support: Disabled
 Compressed Oops: Enabled (32-bit)
 Alignments: Space 512K, Generation 512K, Heap 2M
 Heap Min Capacity: 100M
 Heap Initial Capacity: 100M
 Heap Max Capacity: 2G
 Pre-touch: Disabled
 Parallel Workers: 15
Heap:
 PSYoungGen      total 16896K, used 3361K [0x00000000d5580000, 0x00000000d6980000, 0x0000000100000000)
  eden space 14336K, 15% used [0x00000000d5580000,0x00000000d57b8410,0x00000000d6380000)
  from space 2560K, 42% used [0x00000000d6500000,0x00000000d6610000,0x00000000d6780000)
  to   space 1536K, 0% used [0x00000000d6800000,0x00000000d6800000,0x00000000d6980000)
 ParOldGen       total 68608K, used 54647K [0x0000000080000000, 0x0000000084300000, 0x00000000d5580000)
  object space 68608K, 79% used [0x0000000080000000,0x000000008355df10,0x0000000084300000)
 Metaspace       used 69616K, committed 71040K, reserved 1114112K
  class space    used 7540K, committed 8128K, reserved 1048576K
GC Heap History (20 events):
Event: 8.760 GC heap before
{Heap before GC invocations=35 (full 2):
 PSYoungGen      total 20992K, used 8444K [0x00000000d5580000, 0x00000000d6d80000, 0x0000000100000000)
  eden space 19968K, 37% used [0x00000000d5580000,0x00000000d5ce31a0,0x00000000d6900000)
  from space 1024K, 85% used [0x00000000d6c80000,0x00000000d6d5c040,0x00000000d6d80000)
  to   space 1024K, 0% used [0x00000000d6b80000,0x00000000d6b80000,0x00000000d6c80000)
 ParOldGen       total 68608K, used 44531K [0x0000000080000000, 0x0000000084300000, 0x00000000d5580000)
  object space 68608K, 64% used [0x0000000080000000,0x0000000082b7cc48,0x0000000084300000)
 Metaspace       used 58493K, committed 59776K, reserved 1114112K
  class space    used 6280K, committed 6848K, reserved 1048576K
}
Event: 8.761 GC heap after
{Heap after GC invocations=35 (full 2):
 PSYoungGen      total 20992K, used 998K [0x00000000d5580000, 0x00000000d6d00000, 0x0000000100000000)
  eden space 19968K, 0% used [0x00000000d5580000,0x00000000d5580000,0x00000000d6900000)
  from space 1024K, 97% used [0x00000000d6b80000,0x00000000d6c79a60,0x00000000d6c80000)
  to   space 512K, 0% used [0x00000000d6c80000,0x00000000d6c80000,0x00000000d6d00000)
 ParOldGen       total 68608K, used 45146K [0x0000000080000000, 0x0000000084300000, 0x00000000d5580000)
  object space 68608K, 65% used [0x0000000080000000,0x0000000082c16998,0x0000000084300000)
 Metaspace       used 58493K, committed 59776K, reserved 1114112K
  class space    used 6280K, committed 6848K, reserved 1048576K
}
Event: 8.761 GC heap before
{Heap before GC invocations=36 (full 3):
 PSYoungGen      total 20992K, used 998K [0x00000000d5580000, 0x00000000d6d00000, 0x0000000100000000)
  eden space 19968K, 0% used [0x00000000d5580000,0x00000000d5580000,0x00000000d6900000)
  from space 1024K, 97% used [0x00000000d6b80000,0x00000000d6c79a60,0x00000000d6c80000)
  to   space 512K, 0% used [0x00000000d6c80000,0x00000000d6c80000,0x00000000d6d00000)
 ParOldGen       total 68608K, used 45146K [0x0000000080000000, 0x0000000084300000, 0x00000000d5580000)
  object space 68608K, 65% used [0x0000000080000000,0x0000000082c16998,0x0000000084300000)
 Metaspace       used 58493K, committed 59776K, reserved 1114112K
  class space    used 6280K, committed 6848K, reserved 1048576K
}
Event: 8.809 GC heap after
{Heap after GC invocations=36 (full 3):
 PSYoungGen      total 20992K, used 0K [0x00000000d5580000, 0x00000000d6d00000, 0x0000000100000000)
  eden space 19968K, 0% used [0x00000000d5580000,0x00000000d5580000,0x00000000d6900000)
  from space 1024K, 0% used [0x00000000d6b80000,0x00000000d6b80000,0x00000000d6c80000)
  to   space 512K, 0% used [0x00000000d6c80000,0x00000000d6c80000,0x00000000d6d00000)
 ParOldGen       total 68608K, used 39821K [0x0000000080000000, 0x0000000084300000, 0x00000000d5580000)
  object space 68608K, 58% used [0x0000000080000000,0x00000000826e35f8,0x0000000084300000)
 Metaspace       used 58493K, committed 59776K, reserved 1114112K
  class space    used 6280K, committed 6848K, reserved 1048576K
}
Event: 9.046 GC heap before
{Heap before GC invocations=37 (full 3):
 PSYoungGen      total 20992K, used 19968K [0x00000000d5580000, 0x00000000d6d00000, 0x0000000100000000)
  eden space 19968K, 100% used [0x00000000d5580000,0x00000000d6900000,0x00000000d6900000)
  from space 1024K, 0% used [0x00000000d6b80000,0x00000000d6b80000,0x00000000d6c80000)
  to   space 512K, 0% used [0x00000000d6c80000,0x00000000d6c80000,0x00000000d6d00000)
 ParOldGen       total 68608K, used 39821K [0x0000000080000000, 0x0000000084300000, 0x00000000d5580000)
  object space 68608K, 58% used [0x0000000080000000,0x00000000826e35f8,0x0000000084300000)
 Metaspace       used 60843K, committed 62208K, reserved 1114112K
  class space    used 6566K, committed 7168K, reserved 1048576K
}
Event: 9.049 GC heap after
{Heap after GC invocations=37 (full 3):
 PSYoungGen      total 20480K, used 503K [0x00000000d5580000, 0x00000000d6d00000, 0x0000000100000000)
  eden space 19968K, 0% used [0x00000000d5580000,0x00000000d5580000,0x00000000d6900000)
  from space 512K, 98% used [0x00000000d6c80000,0x00000000d6cfdc80,0x00000000d6d00000)
  to   space 2048K, 0% used [0x00000000d6900000,0x00000000d6900000,0x00000000d6b00000)
 ParOldGen       total 68608K, used 41027K [0x0000000080000000, 0x0000000084300000, 0x00000000d5580000)
  object space 68608K, 59% used [0x0000000080000000,0x0000000082810c60,0x0000000084300000)
 Metaspace       used 60843K, committed 62208K, reserved 1114112K
  class space    used 6566K, committed 7168K, reserved 1048576K
}
Event: 9.386 GC heap before
{Heap before GC invocations=38 (full 3):
 PSYoungGen      total 20480K, used 20468K [0x00000000d5580000, 0x00000000d6d00000, 0x0000000100000000)
  eden space 19968K, 99% used [0x00000000d5580000,0x00000000d68ff500,0x00000000d6900000)
  from space 512K, 98% used [0x00000000d6c80000,0x00000000d6cfdc80,0x00000000d6d00000)
  to   space 2048K, 0% used [0x00000000d6900000,0x00000000d6900000,0x00000000d6b00000)
 ParOldGen       total 68608K, used 41027K [0x0000000080000000, 0x0000000084300000, 0x00000000d5580000)
  object space 68608K, 59% used [0x0000000080000000,0x0000000082810c60,0x0000000084300000)
 Metaspace       used 62107K, committed 63424K, reserved 1114112K
  class space    used 6691K, committed 7232K, reserved 1048576K
}
Event: 9.389 GC heap after
{Heap after GC invocations=38 (full 3):
 PSYoungGen      total 22016K, used 2031K [0x00000000d5580000, 0x00000000d7200000, 0x0000000100000000)
  eden space 19968K, 0% used [0x00000000d5580000,0x00000000d5580000,0x00000000d6900000)
  from space 2048K, 99% used [0x00000000d6900000,0x00000000d6afbc38,0x00000000d6b00000)
  to   space 4608K, 0% used [0x00000000d6d80000,0x00000000d6d80000,0x00000000d7200000)
 ParOldGen       total 68608K, used 42762K [0x0000000080000000, 0x0000000084300000, 0x00000000d5580000)
  object space 68608K, 62% used [0x0000000080000000,0x00000000829c2a10,0x0000000084300000)
 Metaspace       used 62107K, committed 63424K, reserved 1114112K
  class space    used 6691K, committed 7232K, reserved 1048576K
}
Event: 9.824 GC heap before
{Heap before GC invocations=39 (full 3):
 PSYoungGen      total 22016K, used 21999K [0x00000000d5580000, 0x00000000d7200000, 0x0000000100000000)
  eden space 19968K, 100% used [0x00000000d5580000,0x00000000d6900000,0x00000000d6900000)
  from space 2048K, 99% used [0x00000000d6900000,0x00000000d6afbc38,0x00000000d6b00000)
  to   space 4608K, 0% used [0x00000000d6d80000,0x00000000d6d80000,0x00000000d7200000)
 ParOldGen       total 68608K, used 42762K [0x0000000080000000, 0x0000000084300000, 0x00000000d5580000)
  object space 68608K, 62% used [0x0000000080000000,0x00000000829c2a10,0x0000000084300000)
 Metaspace       used 63612K, committed 64960K, reserved 1114112K
  class space    used 6844K, committed 7424K, reserved 1048576K
}
Event: 9.827 GC heap after
{Heap after GC invocations=39 (full 3):
 PSYoungGen      total 22528K, used 2331K [0x00000000d5580000, 0x00000000d7000000, 0x0000000100000000)
  eden space 19968K, 0% used [0x00000000d5580000,0x00000000d5580000,0x00000000d6900000)
  from space 2560K, 91% used [0x00000000d6d80000,0x00000000d6fc6de8,0x00000000d7000000)
  to   space 3072K, 0% used [0x00000000d6a00000,0x00000000d6a00000,0x00000000d6d00000)
 ParOldGen       total 68608K, used 43687K [0x0000000080000000, 0x0000000084300000, 0x00000000d5580000)
  object space 68608K, 63% used [0x0000000080000000,0x0000000082aa9cf8,0x0000000084300000)
 Metaspace       used 63612K, committed 64960K, reserved 1114112K
  class space    used 6844K, committed 7424K, reserved 1048576K
}
Event: 10.103 GC heap before
{Heap before GC invocations=40 (full 3):
 PSYoungGen      total 22528K, used 22299K [0x00000000d5580000, 0x00000000d7000000, 0x0000000100000000)
  eden space 19968K, 100% used [0x00000000d5580000,0x00000000d6900000,0x00000000d6900000)
  from space 2560K, 91% used [0x00000000d6d80000,0x00000000d6fc6de8,0x00000000d7000000)
  to   space 3072K, 0% used [0x00000000d6a00000,0x00000000d6a00000,0x00000000d6d00000)
 ParOldGen       total 68608K, used 43687K [0x0000000080000000, 0x0000000084300000, 0x00000000d5580000)
  object space 68608K, 63% used [0x0000000080000000,0x0000000082aa9cf8,0x0000000084300000)
 Metaspace       used 65417K, committed 66816K, reserved 1114112K
  class space    used 6993K, committed 7616K, reserved 1048576K
}
Event: 10.106 GC heap after
{Heap after GC invocations=40 (full 3):
 PSYoungGen      total 22016K, used 1780K [0x00000000d5580000, 0x00000000d6e00000, 0x0000000100000000)
  eden space 19968K, 0% used [0x00000000d5580000,0x00000000d5580000,0x00000000d6900000)
  from space 2048K, 86% used [0x00000000d6a00000,0x00000000d6bbd000,0x00000000d6c00000)
  to   space 2048K, 0% used [0x00000000d6c00000,0x00000000d6c00000,0x00000000d6e00000)
 ParOldGen       total 68608K, used 44567K [0x0000000080000000, 0x0000000084300000, 0x00000000d5580000)
  object space 68608K, 64% used [0x0000000080000000,0x0000000082b85e30,0x0000000084300000)
 Metaspace       used 65417K, committed 66816K, reserved 1114112K
  class space    used 6993K, committed 7616K, reserved 1048576K
}
Event: 11.385 GC heap before
{Heap before GC invocations=41 (full 3):
 PSYoungGen      total 22016K, used 21665K [0x00000000d5580000, 0x00000000d6e00000, 0x0000000100000000)
  eden space 19968K, 99% used [0x00000000d5580000,0x00000000d68eb5b8,0x00000000d6900000)
  from space 2048K, 86% used [0x00000000d6a00000,0x00000000d6bbd000,0x00000000d6c00000)
  to   space 2048K, 0% used [0x00000000d6c00000,0x00000000d6c00000,0x00000000d6e00000)
 ParOldGen       total 68608K, used 44567K [0x0000000080000000, 0x0000000084300000, 0x00000000d5580000)
  object space 68608K, 64% used [0x0000000080000000,0x0000000082b85e30,0x0000000084300000)
 Metaspace       used 65988K, committed 67392K, reserved 1114112K
  class space    used 7068K, committed 7680K, reserved 1048576K
}
Event: 11.389 GC heap after
{Heap after GC invocations=41 (full 3):
 PSYoungGen      total 16384K, used 2030K [0x00000000d5580000, 0x00000000d7a00000, 0x0000000100000000)
  eden space 14336K, 0% used [0x00000000d5580000,0x00000000d5580000,0x00000000d6380000)
  from space 2048K, 99% used [0x00000000d6c00000,0x00000000d6dfbbe0,0x00000000d6e00000)
  to   space 8704K, 0% used [0x00000000d6380000,0x00000000d6380000,0x00000000d6c00000)
 ParOldGen       total 68608K, used 49900K [0x0000000080000000, 0x0000000084300000, 0x00000000d5580000)
  object space 68608K, 72% used [0x0000000080000000,0x00000000830bb060,0x0000000084300000)
 Metaspace       used 65988K, committed 67392K, reserved 1114112K
  class space    used 7068K, committed 7680K, reserved 1048576K
}
Event: 11.601 GC heap before
{Heap before GC invocations=42 (full 3):
 PSYoungGen      total 16384K, used 16366K [0x00000000d5580000, 0x00000000d7a00000, 0x0000000100000000)
  eden space 14336K, 99% used [0x00000000d5580000,0x00000000d637ff78,0x00000000d6380000)
  from space 2048K, 99% used [0x00000000d6c00000,0x00000000d6dfbbe0,0x00000000d6e00000)
  to   space 8704K, 0% used [0x00000000d6380000,0x00000000d6380000,0x00000000d6c00000)
 ParOldGen       total 68608K, used 49900K [0x0000000080000000, 0x0000000084300000, 0x00000000d5580000)
  object space 68608K, 72% used [0x0000000080000000,0x00000000830bb060,0x0000000084300000)
 Metaspace       used 67060K, committed 68416K, reserved 1114112K
  class space    used 7179K, committed 7744K, reserved 1048576K
}
Event: 11.604 GC heap after
{Heap after GC invocations=42 (full 3):
 PSYoungGen      total 18944K, used 4530K [0x00000000d5580000, 0x00000000d6e80000, 0x0000000100000000)
  eden space 14336K, 0% used [0x00000000d5580000,0x00000000d5580000,0x00000000d6380000)
  from space 4608K, 98% used [0x00000000d6380000,0x00000000d67ec858,0x00000000d6800000)
  to   space 5632K, 0% used [0x00000000d6900000,0x00000000d6900000,0x00000000d6e80000)
 ParOldGen       total 68608K, used 50092K [0x0000000080000000, 0x0000000084300000, 0x00000000d5580000)
  object space 68608K, 73% used [0x0000000080000000,0x00000000830eb060,0x0000000084300000)
 Metaspace       used 67060K, committed 68416K, reserved 1114112K
  class space    used 7179K, committed 7744K, reserved 1048576K
}
Event: 11.716 GC heap before
{Heap before GC invocations=43 (full 3):
 PSYoungGen      total 18944K, used 18866K [0x00000000d5580000, 0x00000000d6e80000, 0x0000000100000000)
  eden space 14336K, 100% used [0x00000000d5580000,0x00000000d6380000,0x00000000d6380000)
  from space 4608K, 98% used [0x00000000d6380000,0x00000000d67ec858,0x00000000d6800000)
  to   space 5632K, 0% used [0x00000000d6900000,0x00000000d6900000,0x00000000d6e80000)
 ParOldGen       total 68608K, used 50092K [0x0000000080000000, 0x0000000084300000, 0x00000000d5580000)
  object space 68608K, 73% used [0x0000000080000000,0x00000000830eb060,0x0000000084300000)
 Metaspace       used 68500K, committed 69888K, reserved 1114112K
  class space    used 7438K, committed 8000K, reserved 1048576K
}
Event: 11.720 GC heap after
{Heap after GC invocations=43 (full 3):
 PSYoungGen      total 15360K, used 624K [0x00000000d5580000, 0x00000000d6a00000, 0x0000000100000000)
  eden space 14336K, 0% used [0x00000000d5580000,0x00000000d5580000,0x00000000d6380000)
  from space 1024K, 60% used [0x00000000d6900000,0x00000000d699c010,0x00000000d6a00000)
  to   space 2560K, 0% used [0x00000000d6500000,0x00000000d6500000,0x00000000d6780000)
 ParOldGen       total 68608K, used 54323K [0x0000000080000000, 0x0000000084300000, 0x00000000d5580000)
  object space 68608K, 79% used [0x0000000080000000,0x000000008350ced0,0x0000000084300000)
 Metaspace       used 68500K, committed 69888K, reserved 1114112K
  class space    used 7438K, committed 8000K, reserved 1048576K
}
Event: 53.413 GC heap before
{Heap before GC invocations=44 (full 3):
 PSYoungGen      total 15360K, used 14960K [0x00000000d5580000, 0x00000000d6a00000, 0x0000000100000000)
  eden space 14336K, 100% used [0x00000000d5580000,0x00000000d6380000,0x00000000d6380000)
  from space 1024K, 60% used [0x00000000d6900000,0x00000000d699c010,0x00000000d6a00000)
  to   space 2560K, 0% used [0x00000000d6500000,0x00000000d6500000,0x00000000d6780000)
 ParOldGen       total 68608K, used 54323K [0x0000000080000000, 0x0000000084300000, 0x00000000d5580000)
  object space 68608K, 79% used [0x0000000080000000,0x000000008350ced0,0x0000000084300000)
 Metaspace       used 69595K, committed 71040K, reserved 1114112K
  class space    used 7540K, committed 8128K, reserved 1048576K
}
Event: 53.419 GC heap after
{Heap after GC invocations=44 (full 3):
 PSYoungGen      total 16896K, used 1088K [0x00000000d5580000, 0x00000000d6980000, 0x0000000100000000)
  eden space 14336K, 0% used [0x00000000d5580000,0x00000000d5580000,0x00000000d6380000)
  from space 2560K, 42% used [0x00000000d6500000,0x00000000d6610000,0x00000000d6780000)
  to   space 1536K, 0% used [0x00000000d6800000,0x00000000d6800000,0x00000000d6980000)
 ParOldGen       total 68608K, used 54647K [0x0000000080000000, 0x0000000084300000, 0x00000000d5580000)
  object space 68608K, 79% used [0x0000000080000000,0x000000008355df10,0x0000000084300000)
 Metaspace       used 69595K, committed 71040K, reserved 1114112K
  class space    used 7540K, committed 8128K, reserved 1048576K
}

